d:\rfmrm\documentos\isgc\8 semestre\programacion avanzada en paralelo\repo\n-body\n-body\x64\debug\vc143.pdb
d:\rfmrm\documentos\isgc\8 semestre\programacion avanzada en paralelo\repo\n-body\n-body\x64\debug\vc143.idb
d:\rfmrm\documentos\isgc\8 semestre\programacion avanzada en paralelo\repo\n-body\n-body\x64\debug\visualmain.obj
d:\rfmrm\documentos\isgc\8 semestre\programacion avanzada en paralelo\repo\n-body\n-body\x64\debug\kernel.cu.obj
d:\rfmrm\documentos\isgc\8 semestre\programacion avanzada en paralelo\repo\advance-parallel-programming\class activities\project\n-body\x64\debug\n-body.lib
d:\rfmrm\documentos\isgc\8 semestre\programacion avanzada en paralelo\repo\advance-parallel-programming\class activities\project\n-body\x64\debug\n-body.exp
d:\rfmrm\documentos\isgc\8 semestre\programacion avanzada en paralelo\repo\n-body\x64\debug\n-body.lib
d:\rfmrm\documentos\isgc\8 semestre\programacion avanzada en paralelo\repo\n-body\x64\debug\n-body.exp
d:\rfmrm\documentos\isgc\8 semestre\programacion avanzada en paralelo\repo\n-body\x64\debug\n-body.exe
d:\rfmrm\documentos\isgc\8 semestre\programacion avanzada en paralelo\repo\n-body\n-body\x64\debug\n-body.ilk
d:\rfmrm\documentos\isgc\8 semestre\programacion avanzada en paralelo\repo\n-body\x64\debug\n-body.pdb
d:\rfmrm\documentos\isgc\8 semestre\programacion avanzada en paralelo\repo\n-body\n-body\x64\debug\kernel.cu.cache
d:\rfmrm\documentos\isgc\8 semestre\programacion avanzada en paralelo\repo\n-body\n-body\x64\debug\n-body.tlog\cl.command.1.tlog
d:\rfmrm\documentos\isgc\8 semestre\programacion avanzada en paralelo\repo\n-body\n-body\x64\debug\n-body.tlog\cl.read.1.tlog
d:\rfmrm\documentos\isgc\8 semestre\programacion avanzada en paralelo\repo\n-body\n-body\x64\debug\n-body.tlog\cl.write.1.tlog
d:\rfmrm\documentos\isgc\8 semestre\programacion avanzada en paralelo\repo\n-body\n-body\x64\debug\n-body.tlog\cudacompile.read.1u.tlog
d:\rfmrm\documentos\isgc\8 semestre\programacion avanzada en paralelo\repo\n-body\n-body\x64\debug\n-body.tlog\cudacompile.write.1u.tlog
d:\rfmrm\documentos\isgc\8 semestre\programacion avanzada en paralelo\repo\n-body\n-body\x64\debug\n-body.tlog\link.command.1.tlog
d:\rfmrm\documentos\isgc\8 semestre\programacion avanzada en paralelo\repo\n-body\n-body\x64\debug\n-body.tlog\link.read.1.tlog
d:\rfmrm\documentos\isgc\8 semestre\programacion avanzada en paralelo\repo\n-body\n-body\x64\debug\n-body.tlog\link.write.1.tlog
d:\rfmrm\documentos\isgc\8 semestre\programacion avanzada en paralelo\repo\n-body\n-body\x64\debug\n-body.tlog\link.write.2u.tlog
